./build/bin/Release/omoknuni_cli_final: error while loading shared libraries: libalphazero.so: cannot open shared object file: No such file or directory
usage: prepare_training_data.py [-h] [--input-dir INPUT_DIR]
                                [--input-files INPUT_FILES [INPUT_FILES ...]]
                                --output OUTPUT [--board-size BOARD_SIZE]
                                [--window-size WINDOW_SIZE] [--merge]
prepare_training_data.py: error: the following arguments are required: --output
Traceback (most recent call last):
  File "/home/cosmos/omoknuni_small/alphazero_train.py", line 20, in <module>
    from torch.utils.tensorboard import SummaryWriter
  File "/home/cosmos/.local/lib/python3.12/site-packages/torch/utils/tensorboard/__init__.py", line 7, in <module>
    raise ImportError("TensorBoard logging requires TensorBoard version 1.15 or above")
ImportError: TensorBoard logging requires TensorBoard version 1.15 or above
./build/bin/Release/omoknuni_cli_final: error while loading shared libraries: libalphazero.so: cannot open shared object file: No such file or directory
usage: prepare_training_data.py [-h] [--input-dir INPUT_DIR]
                                [--input-files INPUT_FILES [INPUT_FILES ...]]
                                --output OUTPUT [--board-size BOARD_SIZE]
                                [--window-size WINDOW_SIZE] [--merge]
prepare_training_data.py: error: the following arguments are required: --output
Traceback (most recent call last):
  File "/home/cosmos/omoknuni_small/alphazero_train.py", line 20, in <module>
    from torch.utils.tensorboard import SummaryWriter
  File "/home/cosmos/.local/lib/python3.12/site-packages/torch/utils/tensorboard/__init__.py", line 7, in <module>
    raise ImportError("TensorBoard logging requires TensorBoard version 1.15 or above")
ImportError: TensorBoard logging requires TensorBoard version 1.15 or above
./build/bin/Release/omoknuni_cli_final: error while loading shared libraries: libalphazero.so: cannot open shared object file: No such file or directory
usage: prepare_training_data.py [-h] [--input-dir INPUT_DIR]
                                [--input-files INPUT_FILES [INPUT_FILES ...]]
                                --output OUTPUT [--board-size BOARD_SIZE]
                                [--window-size WINDOW_SIZE] [--merge]
prepare_training_data.py: error: the following arguments are required: --output
Traceback (most recent call last):
  File "/home/cosmos/omoknuni_small/alphazero_train.py", line 20, in <module>
    from torch.utils.tensorboard import SummaryWriter
  File "/home/cosmos/.local/lib/python3.12/site-packages/torch/utils/tensorboard/__init__.py", line 7, in <module>
    raise ImportError("TensorBoard logging requires TensorBoard version 1.15 or above")
ImportError: TensorBoard logging requires TensorBoard version 1.15 or above
./build/bin/Release/omoknuni_cli_final: error while loading shared libraries: libalphazero.so: cannot open shared object file: No such file or directory
usage: prepare_training_data.py [-h] [--input-dir INPUT_DIR]
                                [--input-files INPUT_FILES [INPUT_FILES ...]]
                                --output OUTPUT [--board-size BOARD_SIZE]
                                [--window-size WINDOW_SIZE] [--merge]
prepare_training_data.py: error: the following arguments are required: --output
Traceback (most recent call last):
  File "/home/cosmos/omoknuni_small/alphazero_train.py", line 20, in <module>
    from torch.utils.tensorboard import SummaryWriter
  File "/home/cosmos/.local/lib/python3.12/site-packages/torch/utils/tensorboard/__init__.py", line 7, in <module>
    raise ImportError("TensorBoard logging requires TensorBoard version 1.15 or above")
ImportError: TensorBoard logging requires TensorBoard version 1.15 or above
./build/bin/Release/omoknuni_cli_final: error while loading shared libraries: libalphazero.so: cannot open shared object file: No such file or directory
usage: prepare_training_data.py [-h] [--input-dir INPUT_DIR]
                                [--input-files INPUT_FILES [INPUT_FILES ...]]
                                --output OUTPUT [--board-size BOARD_SIZE]
                                [--window-size WINDOW_SIZE] [--merge]
prepare_training_data.py: error: the following arguments are required: --output
Traceback (most recent call last):
  File "/home/cosmos/omoknuni_small/alphazero_train.py", line 20, in <module>
    from torch.utils.tensorboard import SummaryWriter
  File "/home/cosmos/.local/lib/python3.12/site-packages/torch/utils/tensorboard/__init__.py", line 7, in <module>
    raise ImportError("TensorBoard logging requires TensorBoard version 1.15 or above")
ImportError: TensorBoard logging requires TensorBoard version 1.15 or above
