[20250515_102530] Starting AlphaZero training pipeline
[20250515_102530] Game: gomoku, Board size: 15
[20250515_102530] Training for 10 iterations
[20250515_102530] No best model found, creating initial model
[20250515_102531] Using GPU: Yes
[20250515_102532] Created and saved initial model
[20250515_102532] Starting iteration 1/10
[20250515_102532] Starting self-play generation...
[20250515_102535] Completed self-play: 500 games generated
[20250515_102535] Starting neural network training...
[20250515_102538] Loaded 500 self-play games for training
[20250515_102543] Generated 54459 training examples
[20250515_103247] Error during training: Expected all tensors to be on the same device, but found at least two devices, cuda:0 and cpu! (when checking argument for argument index in method wrapper_CUDA__index_select)
Exception raised from common_device_check_failure at /pytorch/aten/src/ATen/core/adaption.cpp:7 (most recent call first):
frame #0: c10::Error::Error(c10::SourceLocation, std::__cxx11::basic_string<char, std::char_traits<char>, std::allocator<char> >) + 0xb0 (0x7fccec368de0 in /opt/libtorch-2.7.0-cu128/lib/libc10.so)
frame #1: c10::detail::torchCheckFail(char const*, char const*, unsigned int, std::__cxx11::basic_string<char, std::char_traits<char>, std::allocator<char> > const&) + 0xfa (0x7fccec2f646e in /opt/libtorch-2.7.0-cu128/lib/libc10.so)
frame #2: c10::impl::common_device_check_failure(c10::Device, at::Tensor const&, char const*, char const*) + 0x382 (0x7fccb1654e52 in /opt/libtorch-2.7.0-cu128/lib/libtorch_cpu.so)
frame #3: <unknown function> + 0x39c325e (0x7fcc2bd1f25e in /opt/libtorch-2.7.0-cu128/lib/libtorch_cuda.so)
frame #4: <unknown function> + 0x39c33eb (0x7fcc2bd1f3eb in /opt/libtorch-2.7.0-cu128/lib/libtorch_cuda.so)
frame #5: at::_ops::index_select::redispatch(c10::DispatchKeySet, at::Tensor const&, long, at::Tensor const&) + 0x91 (0x7fccb214b321 in /opt/libtorch-2.7.0-cu128/lib/libtorch_cpu.so)
frame #6: <unknown function> + 0x554ced9 (0x7fccb4d92ed9 in /opt/libtorch-2.7.0-cu128/lib/libtorch_cpu.so)
frame #7: <unknown function> + 0x554d56e (0x7fccb4d9356e in /opt/libtorch-2.7.0-cu128/lib/libtorch_cpu.so)
frame #8: at::_ops::index_select::call(at::Tensor const&, long, at::Tensor const&) + 0x1d1 (0x7fccb22066d1 in /opt/libtorch-2.7.0-cu128/lib/libtorch_cpu.so)
frame #9: alphazero::cli::runAlphaZeroPipeline(alphazero::cli::PipelineConfig const&) + 0x22b6 (0x7fccec4991c6 in build/lib/Release/libalphazero.so)
frame #10: alphazero::cli::runPipelineCommand(std::vector<std::__cxx11::basic_string<char, std::char_traits<char>, std::allocator<char> >, std::allocator<std::__cxx11::basic_string<char, std::char_traits<char>, std::allocator<char> > > > const&) + 0x109 (0x7fccec4a1409 in build/lib/Release/libalphazero.so)
frame #11: <unknown function> + 0xb8c12 (0x7fccec490c12 in build/lib/Release/libalphazero.so)
frame #12: <unknown function> + 0xa044d (0x7fccec47844d in build/lib/Release/libalphazero.so)
frame #13: <unknown function> + 0x99ee8 (0x7fcc281a3ee8 in /lib/x86_64-linux-gnu/libc.so.6)
frame #14: <unknown function> + 0xba85c (0x7fccec49285c in build/lib/Release/libalphazero.so)
frame #15: <unknown function> + 0xe62b3 (0x7fccec1292b3 in /lib/x86_64-linux-gnu/libstdc++.so.6)
frame #16: <unknown function> + 0x94ac3 (0x7fcc2819eac3 in /lib/x86_64-linux-gnu/libc.so.6)
frame #17: <unknown function> + 0x126850 (0x7fcc28230850 in /lib/x86_64-linux-gnu/libc.so.6)

