[20250515_124811] Starting AlphaZero training pipeline
[20250515_124811] Game: gomoku, Board size: 15
[20250515_124811] Training for 10 iterations
[20250515_124811] Found existing best model at models/best_model.pt
[20250515_124811] Starting iteration 1/10
[20250515_124813] Starting self-play generation...
[20250515_124814] Completed self-play: 500 games generated
[20250515_124814] Starting neural network training...
[20250515_124816] Loaded 500 self-play games for training
[20250515_124816] DEBUG: Starting convertToTrainingExamples...
[20250515_124821] Generated 54459 training examples
[20250515_124821] DEBUG: First example dimensions: 17 x 15 x 15
[20250515_124821] DEBUG: First policy size: 225
[20250515_124821] DEBUG: First value: -1.000000
[20250515_124821] DEBUG: Random sample #0 (index 20601) - dimensions: 17 x 15 x 15, policy size: 225, value: 1.000000
[20250515_124821] DEBUG: Random sample #1 (index 13838) - dimensions: 17 x 15 x 15, policy size: 225, value: -1.000000
[20250515_124821] DEBUG: Random sample #2 (index 10831) - dimensions: 17 x 15 x 15, policy size: 225, value: -1.000000
[20250515_124821] DEBUG: Random sample #3 (index 22151) - dimensions: 17 x 15 x 15, policy size: 225, value: 1.000000
[20250515_124821] DEBUG: Random sample #4 (index 47660) - dimensions: 17 x 15 x 15, policy size: 225, value: 1.000000
[20250515_124821] DEBUG: Casting neural_net to ResNetModel
[20250515_124821] DEBUG: Setting model to training mode
[20250515_124821] DEBUG: Getting model device
[20250515_124821] DEBUG ERROR: Exception getting device from model parameters: Unknown device: 101. If you have recently updated the caffe2.proto file to add a new device type, did you forget to update the DeviceTypeName() function to reflect such recent changes?
Exception raised from DeviceTypeName at /pytorch/c10/core/DeviceType.cpp:58 (most recent call first):
frame #0: c10::Error::Error(c10::SourceLocation, std::__cxx11::basic_string<char, std::char_traits<char>, std::allocator<char> >) + 0xb0 (0x7fb4e2cebde0 in /opt/libtorch-2.7.0-cu128/lib/libc10.so)
frame #1: c10::detail::torchCheckFail(char const*, char const*, unsigned int, std::__cxx11::basic_string<char, std::char_traits<char>, std::allocator<char> > const&) + 0xfa (0x7fb4e2c7946e in /opt/libtorch-2.7.0-cu128/lib/libc10.so)
frame #2: c10::DeviceTypeName[abi:cxx11](c10::DeviceType, bool) + 0x36b (0x7fb4e2c84bbb in /opt/libtorch-2.7.0-cu128/lib/libc10.so)
frame #3: c10::Device::str[abi:cxx11]() const + 0x33 (0x7fb4e2c82983 in /opt/libtorch-2.7.0-cu128/lib/libc10.so)
frame #4: alphazero::cli::runAlphaZeroPipeline(alphazero::cli::PipelineConfig const&) + 0xfe4 (0x7fb4e2e21594 in build/lib/Release/libalphazero.so)
frame #5: alphazero::cli::runPipelineCommand(std::vector<std::__cxx11::basic_string<char, std::char_traits<char>, std::allocator<char> >, std::allocator<std::__cxx11::basic_string<char, std::char_traits<char>, std::allocator<char> > > > const&) + 0x109 (0x7fb4e2e32d39 in build/lib/Release/libalphazero.so)
frame #6: <unknown function> + 0xbcd22 (0x7fb4e2e17d22 in build/lib/Release/libalphazero.so)
frame #7: <unknown function> + 0xa44fd (0x7fb4e2dff4fd in build/lib/Release/libalphazero.so)
frame #8: <unknown function> + 0x99ee8 (0x7fb41eb26ee8 in /lib/x86_64-linux-gnu/libc.so.6)
frame #9: <unknown function> + 0xbe96c (0x7fb4e2e1996c in build/lib/Release/libalphazero.so)
frame #10: <unknown function> + 0xe62b3 (0x7fb4e2aac2b3 in /lib/x86_64-linux-gnu/libstdc++.so.6)
frame #11: <unknown function> + 0x94ac3 (0x7fb41eb21ac3 in /lib/x86_64-linux-gnu/libc.so.6)
frame #12: <unknown function> + 0x126850 (0x7fb41ebb3850 in /lib/x86_64-linux-gnu/libc.so.6)
. Using CPU.
[20250515_124821] Error during training: Unknown device: 101. If you have recently updated the caffe2.proto file to add a new device type, did you forget to update the DeviceTypeName() function to reflect such recent changes?
Exception raised from DeviceTypeName at /pytorch/c10/core/DeviceType.cpp:58 (most recent call first):
frame #0: c10::Error::Error(c10::SourceLocation, std::__cxx11::basic_string<char, std::char_traits<char>, std::allocator<char> >) + 0xb0 (0x7fb4e2cebde0 in /opt/libtorch-2.7.0-cu128/lib/libc10.so)
frame #1: c10::detail::torchCheckFail(char const*, char const*, unsigned int, std::__cxx11::basic_string<char, std::char_traits<char>, std::allocator<char> > const&) + 0xfa (0x7fb4e2c7946e in /opt/libtorch-2.7.0-cu128/lib/libc10.so)
frame #2: c10::DeviceTypeName[abi:cxx11](c10::DeviceType, bool) + 0x36b (0x7fb4e2c84bbb in /opt/libtorch-2.7.0-cu128/lib/libc10.so)
frame #3: c10::Device::str[abi:cxx11]() const + 0x33 (0x7fb4e2c82983 in /opt/libtorch-2.7.0-cu128/lib/libc10.so)
frame #4: alphazero::cli::runAlphaZeroPipeline(alphazero::cli::PipelineConfig const&) + 0x105b (0x7fb4e2e2160b in build/lib/Release/libalphazero.so)
frame #5: alphazero::cli::runPipelineCommand(std::vector<std::__cxx11::basic_string<char, std::char_traits<char>, std::allocator<char> >, std::allocator<std::__cxx11::basic_string<char, std::char_traits<char>, std::allocator<char> > > > const&) + 0x109 (0x7fb4e2e32d39 in build/lib/Release/libalphazero.so)
frame #6: <unknown function> + 0xbcd22 (0x7fb4e2e17d22 in build/lib/Release/libalphazero.so)
frame #7: <unknown function> + 0xa44fd (0x7fb4e2dff4fd in build/lib/Release/libalphazero.so)
frame #8: <unknown function> + 0x99ee8 (0x7fb41eb26ee8 in /lib/x86_64-linux-gnu/libc.so.6)
frame #9: <unknown function> + 0xbe96c (0x7fb4e2e1996c in build/lib/Release/libalphazero.so)
frame #10: <unknown function> + 0xe62b3 (0x7fb4e2aac2b3 in /lib/x86_64-linux-gnu/libstdc++.so.6)
frame #11: <unknown function> + 0x94ac3 (0x7fb41eb21ac3 in /lib/x86_64-linux-gnu/libc.so.6)
frame #12: <unknown function> + 0x126850 (0x7fb41ebb3850 in /lib/x86_64-linux-gnu/libc.so.6)

