[20250515_145456] Starting AlphaZero training pipeline
[20250515_145456] Game: gomoku, Board size: 15
[20250515_145456] Training for 10 iterations
[20250515_145456] Found existing best model at models/best_model.pt
[20250515_145456] Starting iteration 1/10
[20250515_145459] Starting self-play generation...
[20250515_145501] Completed self-play: 500 games generated
[20250515_145501] Starting neural network training...
[20250515_145503] Loaded 500 self-play games for training
[20250515_145503] DEBUG: Starting convertToTrainingExamples...
[20250515_145509] Generated 54459 training examples
[20250515_145509] DEBUG: First example dimensions: 17 x 15 x 15
[20250515_145509] DEBUG: First policy size: 225
[20250515_145509] DEBUG: First value: -1.000000
[20250515_145509] DEBUG: Random sample #0 (index 32956) - dimensions: 17 x 15 x 15, policy size: 225, value: -1.000000
[20250515_145509] DEBUG: Random sample #1 (index 25309) - dimensions: 17 x 15 x 15, policy size: 225, value: -1.000000
[20250515_145509] DEBUG: Random sample #2 (index 18841) - dimensions: 17 x 15 x 15, policy size: 225, value: -1.000000
[20250515_145509] DEBUG: Random sample #3 (index 544) - dimensions: 17 x 15 x 15, policy size: 225, value: -1.000000
[20250515_145509] DEBUG: Random sample #4 (index 584) - dimensions: 17 x 15 x 15, policy size: 225, value: -1.000000
[20250515_145509] DEBUG: Casting neural_net to ResNetModel
[20250515_145509] DEBUG: Setting model to training mode
[20250515_145509] DEBUG: Getting model device
