[20250515_153632] Starting AlphaZero training pipeline
[20250515_153632] Game: gomoku, Board size: 15
[20250515_153632] Training for 10 iterations
[20250515_153632] Found existing best model at models/best_model.pt
[20250515_153632] Starting iteration 1/10
[20250515_153634] Starting self-play generation...
[20250515_153636] Completed self-play: 500 games generated
[20250515_153636] Starting neural network training...
[20250515_153638] Loaded 500 self-play games for training
[20250515_153638] DEBUG: Starting convertToTrainingExamples...
[20250515_153643] Generated 54459 training examples
[20250515_153643] DEBUG: First example dimensions: 17 x 15 x 15
[20250515_153643] DEBUG: First policy size: 225
[20250515_153643] DEBUG: First value: -1.000000
[20250515_153643] DEBUG: Random sample #0 (index 4933) - dimensions: 17 x 15 x 15, policy size: 225, value: 1.000000
[20250515_153643] DEBUG: Random sample #1 (index 908) - dimensions: 17 x 15 x 15, policy size: 225, value: 1.000000
[20250515_153643] DEBUG: Random sample #2 (index 7188) - dimensions: 17 x 15 x 15, policy size: 225, value: -1.000000
[20250515_153643] DEBUG: Random sample #3 (index 29764) - dimensions: 17 x 15 x 15, policy size: 225, value: -1.000000
[20250515_153643] DEBUG: Random sample #4 (index 53535) - dimensions: 17 x 15 x 15, policy size: 225, value: -1.000000
[20250515_153643] DEBUG: Casting neural_net to ResNetModel
[20250515_153643] DEBUG: Setting model to training mode
[20250515_153643] DEBUG: Getting model device
