[2025-05-27 11:49:36.478] [neural_net] [error] [15847] [repvgg_model.cpp:449] Failed to load RepVGG model: No such serialized tensor 'stem_conv.weight'
Exception raised from read at /pytorch/torch/csrc/api/src/serialize/input-archive.cpp:63 (most recent call first):
frame #0: c10::Error::Error(c10::SourceLocation, std::__cxx11::basic_string<char, std::char_traits<char>, std::allocator<char> >) + 0xb0 (0x7f7a40049de0 in /opt/libtorch/lib/libc10.so)
frame #1: c10::detail::torchCheckFail(char const*, char const*, unsigned int, std::__cxx11::basic_string<char, std::char_traits<char>, std::allocator<char> > const&) + 0xfa (0x7f7a3ffd746e in /opt/libtorch/lib/libc10.so)
frame #2: torch::serialize::InputArchive::read(std::__cxx11::basic_string<char, std::char_traits<char>, std::allocator<char> > const&, at::Tensor&, bool) + 0x310 (0x7f7ace7eb5f0 in /opt/libtorch/lib/libtorch_cpu.so)
frame #3: <unknown function> + 0x1247fb (0x7f7b0448a7fb in ./build/lib/Release/libalphazero.so)
frame #4: alphazero::nn::NeuralNetworkFactory::loadRepVGG(std::__cxx11::basic_string<char, std::char_traits<char>, std::allocator<char> > const&, alphazero::nn::RepVGGConfig const&, bool) + 0x32f (0x7f7b044905bf in ./build/lib/Release/libalphazero.so)
frame #5: <unknown function> + 0x35b34 (0x563e6898fb34 in ./build/bin/Release/omoknuni_cli_final)
frame #6: <unknown function> + 0x15fea (0x563e6896ffea in ./build/bin/Release/omoknuni_cli_final)
frame #7: <unknown function> + 0xecdb4 (0x7f7b041c4db4 in /lib/x86_64-linux-gnu/libstdc++.so.6)
frame #8: <unknown function> + 0x9caa4 (0x7f7a40157aa4 in /lib/x86_64-linux-gnu/libc.so.6)
frame #9: <unknown function> + 0x129c3c (0x7f7a401e4c3c in /lib/x86_64-linux-gnu/libc.so.6)

[2025-05-27 11:49:36.933] [neural_net] [error] [15848] [repvgg_model.cpp:449] Failed to load RepVGG model: No such serialized tensor 'stem_conv.weight'
Exception raised from read at /pytorch/torch/csrc/api/src/serialize/input-archive.cpp:63 (most recent call first):
frame #0: c10::Error::Error(c10::SourceLocation, std::__cxx11::basic_string<char, std::char_traits<char>, std::allocator<char> >) + 0xb0 (0x7f7a40049de0 in /opt/libtorch/lib/libc10.so)
frame #1: c10::detail::torchCheckFail(char const*, char const*, unsigned int, std::__cxx11::basic_string<char, std::char_traits<char>, std::allocator<char> > const&) + 0xfa (0x7f7a3ffd746e in /opt/libtorch/lib/libc10.so)
frame #2: torch::serialize::InputArchive::read(std::__cxx11::basic_string<char, std::char_traits<char>, std::allocator<char> > const&, at::Tensor&, bool) + 0x310 (0x7f7ace7eb5f0 in /opt/libtorch/lib/libtorch_cpu.so)
frame #3: <unknown function> + 0x1247fb (0x7f7b0448a7fb in ./build/lib/Release/libalphazero.so)
frame #4: alphazero::nn::NeuralNetworkFactory::loadRepVGG(std::__cxx11::basic_string<char, std::char_traits<char>, std::allocator<char> > const&, alphazero::nn::RepVGGConfig const&, bool) + 0x32f (0x7f7b044905bf in ./build/lib/Release/libalphazero.so)
frame #5: <unknown function> + 0x35b34 (0x563e6898fb34 in ./build/bin/Release/omoknuni_cli_final)
frame #6: <unknown function> + 0x15fea (0x563e6896ffea in ./build/bin/Release/omoknuni_cli_final)
frame #7: <unknown function> + 0xecdb4 (0x7f7b041c4db4 in /lib/x86_64-linux-gnu/libstdc++.so.6)
frame #8: <unknown function> + 0x9caa4 (0x7f7a40157aa4 in /lib/x86_64-linux-gnu/libc.so.6)
frame #9: <unknown function> + 0x129c3c (0x7f7a401e4c3c in /lib/x86_64-linux-gnu/libc.so.6)

[2025-05-27 11:49:37.437] [neural_net] [error] [15849] [repvgg_model.cpp:449] Failed to load RepVGG model: No such serialized tensor 'stem_conv.weight'
Exception raised from read at /pytorch/torch/csrc/api/src/serialize/input-archive.cpp:63 (most recent call first):
frame #0: c10::Error::Error(c10::SourceLocation, std::__cxx11::basic_string<char, std::char_traits<char>, std::allocator<char> >) + 0xb0 (0x7f7a40049de0 in /opt/libtorch/lib/libc10.so)
frame #1: c10::detail::torchCheckFail(char const*, char const*, unsigned int, std::__cxx11::basic_string<char, std::char_traits<char>, std::allocator<char> > const&) + 0xfa (0x7f7a3ffd746e in /opt/libtorch/lib/libc10.so)
frame #2: torch::serialize::InputArchive::read(std::__cxx11::basic_string<char, std::char_traits<char>, std::allocator<char> > const&, at::Tensor&, bool) + 0x310 (0x7f7ace7eb5f0 in /opt/libtorch/lib/libtorch_cpu.so)
frame #3: <unknown function> + 0x1247fb (0x7f7b0448a7fb in ./build/lib/Release/libalphazero.so)
frame #4: alphazero::nn::NeuralNetworkFactory::loadRepVGG(std::__cxx11::basic_string<char, std::char_traits<char>, std::allocator<char> > const&, alphazero::nn::RepVGGConfig const&, bool) + 0x32f (0x7f7b044905bf in ./build/lib/Release/libalphazero.so)
frame #5: <unknown function> + 0x35b34 (0x563e6898fb34 in ./build/bin/Release/omoknuni_cli_final)
frame #6: <unknown function> + 0x15fea (0x563e6896ffea in ./build/bin/Release/omoknuni_cli_final)
frame #7: <unknown function> + 0xecdb4 (0x7f7b041c4db4 in /lib/x86_64-linux-gnu/libstdc++.so.6)
frame #8: <unknown function> + 0x9caa4 (0x7f7a40157aa4 in /lib/x86_64-linux-gnu/libc.so.6)
frame #9: <unknown function> + 0x129c3c (0x7f7a401e4c3c in /lib/x86_64-linux-gnu/libc.so.6)

[2025-05-27 11:49:37.950] [neural_net] [error] [15850] [repvgg_model.cpp:449] Failed to load RepVGG model: No such serialized tensor 'stem_conv.weight'
Exception raised from read at /pytorch/torch/csrc/api/src/serialize/input-archive.cpp:63 (most recent call first):
frame #0: c10::Error::Error(c10::SourceLocation, std::__cxx11::basic_string<char, std::char_traits<char>, std::allocator<char> >) + 0xb0 (0x7f7a40049de0 in /opt/libtorch/lib/libc10.so)
frame #1: c10::detail::torchCheckFail(char const*, char const*, unsigned int, std::__cxx11::basic_string<char, std::char_traits<char>, std::allocator<char> > const&) + 0xfa (0x7f7a3ffd746e in /opt/libtorch/lib/libc10.so)
frame #2: torch::serialize::InputArchive::read(std::__cxx11::basic_string<char, std::char_traits<char>, std::allocator<char> > const&, at::Tensor&, bool) + 0x310 (0x7f7ace7eb5f0 in /opt/libtorch/lib/libtorch_cpu.so)
frame #3: <unknown function> + 0x1247fb (0x7f7b0448a7fb in ./build/lib/Release/libalphazero.so)
frame #4: alphazero::nn::NeuralNetworkFactory::loadRepVGG(std::__cxx11::basic_string<char, std::char_traits<char>, std::allocator<char> > const&, alphazero::nn::RepVGGConfig const&, bool) + 0x32f (0x7f7b044905bf in ./build/lib/Release/libalphazero.so)
frame #5: <unknown function> + 0x35b34 (0x563e6898fb34 in ./build/bin/Release/omoknuni_cli_final)
frame #6: <unknown function> + 0x15fea (0x563e6896ffea in ./build/bin/Release/omoknuni_cli_final)
frame #7: <unknown function> + 0xecdb4 (0x7f7b041c4db4 in /lib/x86_64-linux-gnu/libstdc++.so.6)
frame #8: <unknown function> + 0x9caa4 (0x7f7a40157aa4 in /lib/x86_64-linux-gnu/libc.so.6)
frame #9: <unknown function> + 0x129c3c (0x7f7a401e4c3c in /lib/x86_64-linux-gnu/libc.so.6)

[2025-05-27 11:49:38.516] [neural_net] [error] [15851] [repvgg_model.cpp:449] Failed to load RepVGG model: No such serialized tensor 'stem_conv.weight'
Exception raised from read at /pytorch/torch/csrc/api/src/serialize/input-archive.cpp:63 (most recent call first):
frame #0: c10::Error::Error(c10::SourceLocation, std::__cxx11::basic_string<char, std::char_traits<char>, std::allocator<char> >) + 0xb0 (0x7f7a40049de0 in /opt/libtorch/lib/libc10.so)
frame #1: c10::detail::torchCheckFail(char const*, char const*, unsigned int, std::__cxx11::basic_string<char, std::char_traits<char>, std::allocator<char> > const&) + 0xfa (0x7f7a3ffd746e in /opt/libtorch/lib/libc10.so)
frame #2: torch::serialize::InputArchive::read(std::__cxx11::basic_string<char, std::char_traits<char>, std::allocator<char> > const&, at::Tensor&, bool) + 0x310 (0x7f7ace7eb5f0 in /opt/libtorch/lib/libtorch_cpu.so)
frame #3: <unknown function> + 0x1247fb (0x7f7b0448a7fb in ./build/lib/Release/libalphazero.so)
frame #4: alphazero::nn::NeuralNetworkFactory::loadRepVGG(std::__cxx11::basic_string<char, std::char_traits<char>, std::allocator<char> > const&, alphazero::nn::RepVGGConfig const&, bool) + 0x32f (0x7f7b044905bf in ./build/lib/Release/libalphazero.so)
frame #5: <unknown function> + 0x35b34 (0x563e6898fb34 in ./build/bin/Release/omoknuni_cli_final)
frame #6: <unknown function> + 0x15fea (0x563e6896ffea in ./build/bin/Release/omoknuni_cli_final)
frame #7: <unknown function> + 0xecdb4 (0x7f7b041c4db4 in /lib/x86_64-linux-gnu/libstdc++.so.6)
frame #8: <unknown function> + 0x9caa4 (0x7f7a40157aa4 in /lib/x86_64-linux-gnu/libc.so.6)
frame #9: <unknown function> + 0x129c3c (0x7f7a401e4c3c in /lib/x86_64-linux-gnu/libc.so.6)

[2025-05-27 11:49:39.152] [neural_net] [error] [15852] [repvgg_model.cpp:449] Failed to load RepVGG model: No such serialized tensor 'stem_conv.weight'
Exception raised from read at /pytorch/torch/csrc/api/src/serialize/input-archive.cpp:63 (most recent call first):
frame #0: c10::Error::Error(c10::SourceLocation, std::__cxx11::basic_string<char, std::char_traits<char>, std::allocator<char> >) + 0xb0 (0x7f7a40049de0 in /opt/libtorch/lib/libc10.so)
frame #1: c10::detail::torchCheckFail(char const*, char const*, unsigned int, std::__cxx11::basic_string<char, std::char_traits<char>, std::allocator<char> > const&) + 0xfa (0x7f7a3ffd746e in /opt/libtorch/lib/libc10.so)
frame #2: torch::serialize::InputArchive::read(std::__cxx11::basic_string<char, std::char_traits<char>, std::allocator<char> > const&, at::Tensor&, bool) + 0x310 (0x7f7ace7eb5f0 in /opt/libtorch/lib/libtorch_cpu.so)
frame #3: <unknown function> + 0x1247fb (0x7f7b0448a7fb in ./build/lib/Release/libalphazero.so)
frame #4: alphazero::nn::NeuralNetworkFactory::loadRepVGG(std::__cxx11::basic_string<char, std::char_traits<char>, std::allocator<char> > const&, alphazero::nn::RepVGGConfig const&, bool) + 0x32f (0x7f7b044905bf in ./build/lib/Release/libalphazero.so)
frame #5: <unknown function> + 0x35b34 (0x563e6898fb34 in ./build/bin/Release/omoknuni_cli_final)
frame #6: <unknown function> + 0x15fea (0x563e6896ffea in ./build/bin/Release/omoknuni_cli_final)
frame #7: <unknown function> + 0xecdb4 (0x7f7b041c4db4 in /lib/x86_64-linux-gnu/libstdc++.so.6)
frame #8: <unknown function> + 0x9caa4 (0x7f7a40157aa4 in /lib/x86_64-linux-gnu/libc.so.6)
frame #9: <unknown function> + 0x129c3c (0x7f7a401e4c3c in /lib/x86_64-linux-gnu/libc.so.6)

[2025-05-27 11:49:39.628] [neural_net] [error] [15853] [repvgg_model.cpp:449] Failed to load RepVGG model: No such serialized tensor 'stem_conv.weight'
Exception raised from read at /pytorch/torch/csrc/api/src/serialize/input-archive.cpp:63 (most recent call first):
frame #0: c10::Error::Error(c10::SourceLocation, std::__cxx11::basic_string<char, std::char_traits<char>, std::allocator<char> >) + 0xb0 (0x7f7a40049de0 in /opt/libtorch/lib/libc10.so)
frame #1: c10::detail::torchCheckFail(char const*, char const*, unsigned int, std::__cxx11::basic_string<char, std::char_traits<char>, std::allocator<char> > const&) + 0xfa (0x7f7a3ffd746e in /opt/libtorch/lib/libc10.so)
frame #2: torch::serialize::InputArchive::read(std::__cxx11::basic_string<char, std::char_traits<char>, std::allocator<char> > const&, at::Tensor&, bool) + 0x310 (0x7f7ace7eb5f0 in /opt/libtorch/lib/libtorch_cpu.so)
frame #3: <unknown function> + 0x1247fb (0x7f7b0448a7fb in ./build/lib/Release/libalphazero.so)
frame #4: alphazero::nn::NeuralNetworkFactory::loadRepVGG(std::__cxx11::basic_string<char, std::char_traits<char>, std::allocator<char> > const&, alphazero::nn::RepVGGConfig const&, bool) + 0x32f (0x7f7b044905bf in ./build/lib/Release/libalphazero.so)
frame #5: <unknown function> + 0x35b34 (0x563e6898fb34 in ./build/bin/Release/omoknuni_cli_final)
frame #6: <unknown function> + 0x15fea (0x563e6896ffea in ./build/bin/Release/omoknuni_cli_final)
frame #7: <unknown function> + 0xecdb4 (0x7f7b041c4db4 in /lib/x86_64-linux-gnu/libstdc++.so.6)
frame #8: <unknown function> + 0x9caa4 (0x7f7a40157aa4 in /lib/x86_64-linux-gnu/libc.so.6)
frame #9: <unknown function> + 0x129c3c (0x7f7a401e4c3c in /lib/x86_64-linux-gnu/libc.so.6)

[2025-05-27 11:52:20.852] [neural_net] [error] [17143] [repvgg_model.cpp:449] Failed to load RepVGG model: No such serialized tensor 'stem_conv.weight'
Exception raised from read at /pytorch/torch/csrc/api/src/serialize/input-archive.cpp:63 (most recent call first):
frame #0: c10::Error::Error(c10::SourceLocation, std::__cxx11::basic_string<char, std::char_traits<char>, std::allocator<char> >) + 0xb0 (0x7f7c9e981de0 in /opt/libtorch/lib/libc10.so)
frame #1: c10::detail::torchCheckFail(char const*, char const*, unsigned int, std::__cxx11::basic_string<char, std::char_traits<char>, std::allocator<char> > const&) + 0xfa (0x7f7c9e90f46e in /opt/libtorch/lib/libc10.so)
frame #2: torch::serialize::InputArchive::read(std::__cxx11::basic_string<char, std::char_traits<char>, std::allocator<char> > const&, at::Tensor&, bool) + 0x310 (0x7f7d2d1235f0 in /opt/libtorch/lib/libtorch_cpu.so)
frame #3: <unknown function> + 0x1247fb (0x7f7d62dc27fb in ./build/lib/Release/libalphazero.so)
frame #4: alphazero::nn::NeuralNetworkFactory::loadRepVGG(std::__cxx11::basic_string<char, std::char_traits<char>, std::allocator<char> > const&, alphazero::nn::RepVGGConfig const&, bool) + 0x32f (0x7f7d62dc85bf in ./build/lib/Release/libalphazero.so)
frame #5: <unknown function> + 0x35b34 (0x5617520b0b34 in ./build/bin/Release/omoknuni_cli_final)
frame #6: <unknown function> + 0x15fea (0x561752090fea in ./build/bin/Release/omoknuni_cli_final)
frame #7: <unknown function> + 0xecdb4 (0x7f7d62afcdb4 in /lib/x86_64-linux-gnu/libstdc++.so.6)
frame #8: <unknown function> + 0x9caa4 (0x7f7c9ea8faa4 in /lib/x86_64-linux-gnu/libc.so.6)
frame #9: <unknown function> + 0x129c3c (0x7f7c9eb1cc3c in /lib/x86_64-linux-gnu/libc.so.6)

[2025-05-27 11:52:21.327] [neural_net] [error] [17144] [repvgg_model.cpp:449] Failed to load RepVGG model: No such serialized tensor 'stem_conv.weight'
Exception raised from read at /pytorch/torch/csrc/api/src/serialize/input-archive.cpp:63 (most recent call first):
frame #0: c10::Error::Error(c10::SourceLocation, std::__cxx11::basic_string<char, std::char_traits<char>, std::allocator<char> >) + 0xb0 (0x7f7c9e981de0 in /opt/libtorch/lib/libc10.so)
frame #1: c10::detail::torchCheckFail(char const*, char const*, unsigned int, std::__cxx11::basic_string<char, std::char_traits<char>, std::allocator<char> > const&) + 0xfa (0x7f7c9e90f46e in /opt/libtorch/lib/libc10.so)
frame #2: torch::serialize::InputArchive::read(std::__cxx11::basic_string<char, std::char_traits<char>, std::allocator<char> > const&, at::Tensor&, bool) + 0x310 (0x7f7d2d1235f0 in /opt/libtorch/lib/libtorch_cpu.so)
frame #3: <unknown function> + 0x1247fb (0x7f7d62dc27fb in ./build/lib/Release/libalphazero.so)
frame #4: alphazero::nn::NeuralNetworkFactory::loadRepVGG(std::__cxx11::basic_string<char, std::char_traits<char>, std::allocator<char> > const&, alphazero::nn::RepVGGConfig const&, bool) + 0x32f (0x7f7d62dc85bf in ./build/lib/Release/libalphazero.so)
frame #5: <unknown function> + 0x35b34 (0x5617520b0b34 in ./build/bin/Release/omoknuni_cli_final)
frame #6: <unknown function> + 0x15fea (0x561752090fea in ./build/bin/Release/omoknuni_cli_final)
frame #7: <unknown function> + 0xecdb4 (0x7f7d62afcdb4 in /lib/x86_64-linux-gnu/libstdc++.so.6)
frame #8: <unknown function> + 0x9caa4 (0x7f7c9ea8faa4 in /lib/x86_64-linux-gnu/libc.so.6)
frame #9: <unknown function> + 0x129c3c (0x7f7c9eb1cc3c in /lib/x86_64-linux-gnu/libc.so.6)

[2025-05-27 11:52:21.805] [neural_net] [error] [17145] [repvgg_model.cpp:449] Failed to load RepVGG model: No such serialized tensor 'stem_conv.weight'
Exception raised from read at /pytorch/torch/csrc/api/src/serialize/input-archive.cpp:63 (most recent call first):
frame #0: c10::Error::Error(c10::SourceLocation, std::__cxx11::basic_string<char, std::char_traits<char>, std::allocator<char> >) + 0xb0 (0x7f7c9e981de0 in /opt/libtorch/lib/libc10.so)
frame #1: c10::detail::torchCheckFail(char const*, char const*, unsigned int, std::__cxx11::basic_string<char, std::char_traits<char>, std::allocator<char> > const&) + 0xfa (0x7f7c9e90f46e in /opt/libtorch/lib/libc10.so)
frame #2: torch::serialize::InputArchive::read(std::__cxx11::basic_string<char, std::char_traits<char>, std::allocator<char> > const&, at::Tensor&, bool) + 0x310 (0x7f7d2d1235f0 in /opt/libtorch/lib/libtorch_cpu.so)
frame #3: <unknown function> + 0x1247fb (0x7f7d62dc27fb in ./build/lib/Release/libalphazero.so)
frame #4: alphazero::nn::NeuralNetworkFactory::loadRepVGG(std::__cxx11::basic_string<char, std::char_traits<char>, std::allocator<char> > const&, alphazero::nn::RepVGGConfig const&, bool) + 0x32f (0x7f7d62dc85bf in ./build/lib/Release/libalphazero.so)
frame #5: <unknown function> + 0x35b34 (0x5617520b0b34 in ./build/bin/Release/omoknuni_cli_final)
frame #6: <unknown function> + 0x15fea (0x561752090fea in ./build/bin/Release/omoknuni_cli_final)
frame #7: <unknown function> + 0xecdb4 (0x7f7d62afcdb4 in /lib/x86_64-linux-gnu/libstdc++.so.6)
frame #8: <unknown function> + 0x9caa4 (0x7f7c9ea8faa4 in /lib/x86_64-linux-gnu/libc.so.6)
frame #9: <unknown function> + 0x129c3c (0x7f7c9eb1cc3c in /lib/x86_64-linux-gnu/libc.so.6)

[2025-05-27 11:54:16.962] [neural_net] [error] [17648] [repvgg_model.cpp:449] Failed to load RepVGG model: No such serialized tensor 'stem_conv.weight'
Exception raised from read at /pytorch/torch/csrc/api/src/serialize/input-archive.cpp:63 (most recent call first):
frame #0: c10::Error::Error(c10::SourceLocation, std::__cxx11::basic_string<char, std::char_traits<char>, std::allocator<char> >) + 0xb0 (0x7ff3684d7de0 in /opt/libtorch/lib/libc10.so)
frame #1: c10::detail::torchCheckFail(char const*, char const*, unsigned int, std::__cxx11::basic_string<char, std::char_traits<char>, std::allocator<char> > const&) + 0xfa (0x7ff36846546e in /opt/libtorch/lib/libc10.so)
frame #2: torch::serialize::InputArchive::read(std::__cxx11::basic_string<char, std::char_traits<char>, std::allocator<char> > const&, at::Tensor&, bool) + 0x310 (0x7ff3f6c795f0 in /opt/libtorch/lib/libtorch_cpu.so)
frame #3: <unknown function> + 0x1247fb (0x7ff42c9187fb in ./build/lib/Release/libalphazero.so)
frame #4: alphazero::nn::NeuralNetworkFactory::loadRepVGG(std::__cxx11::basic_string<char, std::char_traits<char>, std::allocator<char> > const&, alphazero::nn::RepVGGConfig const&, bool) + 0x32f (0x7ff42c91e5bf in ./build/lib/Release/libalphazero.so)
frame #5: <unknown function> + 0x35b34 (0x562317a8fb34 in ./build/bin/Release/omoknuni_cli_final)
frame #6: <unknown function> + 0x15fea (0x562317a6ffea in ./build/bin/Release/omoknuni_cli_final)
frame #7: <unknown function> + 0xecdb4 (0x7ff42c652db4 in /lib/x86_64-linux-gnu/libstdc++.so.6)
frame #8: <unknown function> + 0x9caa4 (0x7ff3685e5aa4 in /lib/x86_64-linux-gnu/libc.so.6)
frame #9: <unknown function> + 0x129c3c (0x7ff368672c3c in /lib/x86_64-linux-gnu/libc.so.6)

[2025-05-27 11:54:17.478] [neural_net] [error] [17649] [repvgg_model.cpp:449] Failed to load RepVGG model: No such serialized tensor 'stem_conv.weight'
Exception raised from read at /pytorch/torch/csrc/api/src/serialize/input-archive.cpp:63 (most recent call first):
frame #0: c10::Error::Error(c10::SourceLocation, std::__cxx11::basic_string<char, std::char_traits<char>, std::allocator<char> >) + 0xb0 (0x7ff3684d7de0 in /opt/libtorch/lib/libc10.so)
frame #1: c10::detail::torchCheckFail(char const*, char const*, unsigned int, std::__cxx11::basic_string<char, std::char_traits<char>, std::allocator<char> > const&) + 0xfa (0x7ff36846546e in /opt/libtorch/lib/libc10.so)
frame #2: torch::serialize::InputArchive::read(std::__cxx11::basic_string<char, std::char_traits<char>, std::allocator<char> > const&, at::Tensor&, bool) + 0x310 (0x7ff3f6c795f0 in /opt/libtorch/lib/libtorch_cpu.so)
frame #3: <unknown function> + 0x1247fb (0x7ff42c9187fb in ./build/lib/Release/libalphazero.so)
frame #4: alphazero::nn::NeuralNetworkFactory::loadRepVGG(std::__cxx11::basic_string<char, std::char_traits<char>, std::allocator<char> > const&, alphazero::nn::RepVGGConfig const&, bool) + 0x32f (0x7ff42c91e5bf in ./build/lib/Release/libalphazero.so)
frame #5: <unknown function> + 0x35b34 (0x562317a8fb34 in ./build/bin/Release/omoknuni_cli_final)
frame #6: <unknown function> + 0x15fea (0x562317a6ffea in ./build/bin/Release/omoknuni_cli_final)
frame #7: <unknown function> + 0xecdb4 (0x7ff42c652db4 in /lib/x86_64-linux-gnu/libstdc++.so.6)
frame #8: <unknown function> + 0x9caa4 (0x7ff3685e5aa4 in /lib/x86_64-linux-gnu/libc.so.6)
frame #9: <unknown function> + 0x129c3c (0x7ff368672c3c in /lib/x86_64-linux-gnu/libc.so.6)

[2025-05-27 11:54:17.958] [neural_net] [error] [17650] [repvgg_model.cpp:449] Failed to load RepVGG model: No such serialized tensor 'stem_conv.weight'
Exception raised from read at /pytorch/torch/csrc/api/src/serialize/input-archive.cpp:63 (most recent call first):
frame #0: c10::Error::Error(c10::SourceLocation, std::__cxx11::basic_string<char, std::char_traits<char>, std::allocator<char> >) + 0xb0 (0x7ff3684d7de0 in /opt/libtorch/lib/libc10.so)
frame #1: c10::detail::torchCheckFail(char const*, char const*, unsigned int, std::__cxx11::basic_string<char, std::char_traits<char>, std::allocator<char> > const&) + 0xfa (0x7ff36846546e in /opt/libtorch/lib/libc10.so)
frame #2: torch::serialize::InputArchive::read(std::__cxx11::basic_string<char, std::char_traits<char>, std::allocator<char> > const&, at::Tensor&, bool) + 0x310 (0x7ff3f6c795f0 in /opt/libtorch/lib/libtorch_cpu.so)
frame #3: <unknown function> + 0x1247fb (0x7ff42c9187fb in ./build/lib/Release/libalphazero.so)
frame #4: alphazero::nn::NeuralNetworkFactory::loadRepVGG(std::__cxx11::basic_string<char, std::char_traits<char>, std::allocator<char> > const&, alphazero::nn::RepVGGConfig const&, bool) + 0x32f (0x7ff42c91e5bf in ./build/lib/Release/libalphazero.so)
frame #5: <unknown function> + 0x35b34 (0x562317a8fb34 in ./build/bin/Release/omoknuni_cli_final)
frame #6: <unknown function> + 0x15fea (0x562317a6ffea in ./build/bin/Release/omoknuni_cli_final)
frame #7: <unknown function> + 0xecdb4 (0x7ff42c652db4 in /lib/x86_64-linux-gnu/libstdc++.so.6)
frame #8: <unknown function> + 0x9caa4 (0x7ff3685e5aa4 in /lib/x86_64-linux-gnu/libc.so.6)
frame #9: <unknown function> + 0x129c3c (0x7ff368672c3c in /lib/x86_64-linux-gnu/libc.so.6)

[2025-05-27 11:54:18.484] [neural_net] [error] [17651] [repvgg_model.cpp:449] Failed to load RepVGG model: No such serialized tensor 'stem_conv.weight'
Exception raised from read at /pytorch/torch/csrc/api/src/serialize/input-archive.cpp:63 (most recent call first):
frame #0: c10::Error::Error(c10::SourceLocation, std::__cxx11::basic_string<char, std::char_traits<char>, std::allocator<char> >) + 0xb0 (0x7ff3684d7de0 in /opt/libtorch/lib/libc10.so)
frame #1: c10::detail::torchCheckFail(char const*, char const*, unsigned int, std::__cxx11::basic_string<char, std::char_traits<char>, std::allocator<char> > const&) + 0xfa (0x7ff36846546e in /opt/libtorch/lib/libc10.so)
frame #2: torch::serialize::InputArchive::read(std::__cxx11::basic_string<char, std::char_traits<char>, std::allocator<char> > const&, at::Tensor&, bool) + 0x310 (0x7ff3f6c795f0 in /opt/libtorch/lib/libtorch_cpu.so)
frame #3: <unknown function> + 0x1247fb (0x7ff42c9187fb in ./build/lib/Release/libalphazero.so)
frame #4: alphazero::nn::NeuralNetworkFactory::loadRepVGG(std::__cxx11::basic_string<char, std::char_traits<char>, std::allocator<char> > const&, alphazero::nn::RepVGGConfig const&, bool) + 0x32f (0x7ff42c91e5bf in ./build/lib/Release/libalphazero.so)
frame #5: <unknown function> + 0x35b34 (0x562317a8fb34 in ./build/bin/Release/omoknuni_cli_final)
frame #6: <unknown function> + 0x15fea (0x562317a6ffea in ./build/bin/Release/omoknuni_cli_final)
frame #7: <unknown function> + 0xecdb4 (0x7ff42c652db4 in /lib/x86_64-linux-gnu/libstdc++.so.6)
frame #8: <unknown function> + 0x9caa4 (0x7ff3685e5aa4 in /lib/x86_64-linux-gnu/libc.so.6)
frame #9: <unknown function> + 0x129c3c (0x7ff368672c3c in /lib/x86_64-linux-gnu/libc.so.6)

[2025-05-27 11:54:19.044] [neural_net] [error] [17652] [repvgg_model.cpp:449] Failed to load RepVGG model: No such serialized tensor 'stem_conv.weight'
Exception raised from read at /pytorch/torch/csrc/api/src/serialize/input-archive.cpp:63 (most recent call first):
frame #0: c10::Error::Error(c10::SourceLocation, std::__cxx11::basic_string<char, std::char_traits<char>, std::allocator<char> >) + 0xb0 (0x7ff3684d7de0 in /opt/libtorch/lib/libc10.so)
frame #1: c10::detail::torchCheckFail(char const*, char const*, unsigned int, std::__cxx11::basic_string<char, std::char_traits<char>, std::allocator<char> > const&) + 0xfa (0x7ff36846546e in /opt/libtorch/lib/libc10.so)
frame #2: torch::serialize::InputArchive::read(std::__cxx11::basic_string<char, std::char_traits<char>, std::allocator<char> > const&, at::Tensor&, bool) + 0x310 (0x7ff3f6c795f0 in /opt/libtorch/lib/libtorch_cpu.so)
frame #3: <unknown function> + 0x1247fb (0x7ff42c9187fb in ./build/lib/Release/libalphazero.so)
frame #4: alphazero::nn::NeuralNetworkFactory::loadRepVGG(std::__cxx11::basic_string<char, std::char_traits<char>, std::allocator<char> > const&, alphazero::nn::RepVGGConfig const&, bool) + 0x32f (0x7ff42c91e5bf in ./build/lib/Release/libalphazero.so)
frame #5: <unknown function> + 0x35b34 (0x562317a8fb34 in ./build/bin/Release/omoknuni_cli_final)
frame #6: <unknown function> + 0x15fea (0x562317a6ffea in ./build/bin/Release/omoknuni_cli_final)
frame #7: <unknown function> + 0xecdb4 (0x7ff42c652db4 in /lib/x86_64-linux-gnu/libstdc++.so.6)
frame #8: <unknown function> + 0x9caa4 (0x7ff3685e5aa4 in /lib/x86_64-linux-gnu/libc.so.6)
frame #9: <unknown function> + 0x129c3c (0x7ff368672c3c in /lib/x86_64-linux-gnu/libc.so.6)

[2025-05-27 11:54:19.646] [neural_net] [error] [17653] [repvgg_model.cpp:449] Failed to load RepVGG model: No such serialized tensor 'stem_conv.weight'
Exception raised from read at /pytorch/torch/csrc/api/src/serialize/input-archive.cpp:63 (most recent call first):
frame #0: c10::Error::Error(c10::SourceLocation, std::__cxx11::basic_string<char, std::char_traits<char>, std::allocator<char> >) + 0xb0 (0x7ff3684d7de0 in /opt/libtorch/lib/libc10.so)
frame #1: c10::detail::torchCheckFail(char const*, char const*, unsigned int, std::__cxx11::basic_string<char, std::char_traits<char>, std::allocator<char> > const&) + 0xfa (0x7ff36846546e in /opt/libtorch/lib/libc10.so)
frame #2: torch::serialize::InputArchive::read(std::__cxx11::basic_string<char, std::char_traits<char>, std::allocator<char> > const&, at::Tensor&, bool) + 0x310 (0x7ff3f6c795f0 in /opt/libtorch/lib/libtorch_cpu.so)
frame #3: <unknown function> + 0x1247fb (0x7ff42c9187fb in ./build/lib/Release/libalphazero.so)
frame #4: alphazero::nn::NeuralNetworkFactory::loadRepVGG(std::__cxx11::basic_string<char, std::char_traits<char>, std::allocator<char> > const&, alphazero::nn::RepVGGConfig const&, bool) + 0x32f (0x7ff42c91e5bf in ./build/lib/Release/libalphazero.so)
frame #5: <unknown function> + 0x35b34 (0x562317a8fb34 in ./build/bin/Release/omoknuni_cli_final)
frame #6: <unknown function> + 0x15fea (0x562317a6ffea in ./build/bin/Release/omoknuni_cli_final)
frame #7: <unknown function> + 0xecdb4 (0x7ff42c652db4 in /lib/x86_64-linux-gnu/libstdc++.so.6)
frame #8: <unknown function> + 0x9caa4 (0x7ff3685e5aa4 in /lib/x86_64-linux-gnu/libc.so.6)
frame #9: <unknown function> + 0x129c3c (0x7ff368672c3c in /lib/x86_64-linux-gnu/libc.so.6)

[2025-05-27 11:54:20.205] [neural_net] [error] [17654] [repvgg_model.cpp:449] Failed to load RepVGG model: No such serialized tensor 'stem_conv.weight'
Exception raised from read at /pytorch/torch/csrc/api/src/serialize/input-archive.cpp:63 (most recent call first):
frame #0: c10::Error::Error(c10::SourceLocation, std::__cxx11::basic_string<char, std::char_traits<char>, std::allocator<char> >) + 0xb0 (0x7ff3684d7de0 in /opt/libtorch/lib/libc10.so)
frame #1: c10::detail::torchCheckFail(char const*, char const*, unsigned int, std::__cxx11::basic_string<char, std::char_traits<char>, std::allocator<char> > const&) + 0xfa (0x7ff36846546e in /opt/libtorch/lib/libc10.so)
frame #2: torch::serialize::InputArchive::read(std::__cxx11::basic_string<char, std::char_traits<char>, std::allocator<char> > const&, at::Tensor&, bool) + 0x310 (0x7ff3f6c795f0 in /opt/libtorch/lib/libtorch_cpu.so)
frame #3: <unknown function> + 0x1247fb (0x7ff42c9187fb in ./build/lib/Release/libalphazero.so)
frame #4: alphazero::nn::NeuralNetworkFactory::loadRepVGG(std::__cxx11::basic_string<char, std::char_traits<char>, std::allocator<char> > const&, alphazero::nn::RepVGGConfig const&, bool) + 0x32f (0x7ff42c91e5bf in ./build/lib/Release/libalphazero.so)
frame #5: <unknown function> + 0x35b34 (0x562317a8fb34 in ./build/bin/Release/omoknuni_cli_final)
frame #6: <unknown function> + 0x15fea (0x562317a6ffea in ./build/bin/Release/omoknuni_cli_final)
frame #7: <unknown function> + 0xecdb4 (0x7ff42c652db4 in /lib/x86_64-linux-gnu/libstdc++.so.6)
frame #8: <unknown function> + 0x9caa4 (0x7ff3685e5aa4 in /lib/x86_64-linux-gnu/libc.so.6)
frame #9: <unknown function> + 0x129c3c (0x7ff368672c3c in /lib/x86_64-linux-gnu/libc.so.6)

[2025-05-27 11:54:20.925] [neural_net] [error] [17655] [repvgg_model.cpp:449] Failed to load RepVGG model: No such serialized tensor 'stem_conv.weight'
Exception raised from read at /pytorch/torch/csrc/api/src/serialize/input-archive.cpp:63 (most recent call first):
frame #0: c10::Error::Error(c10::SourceLocation, std::__cxx11::basic_string<char, std::char_traits<char>, std::allocator<char> >) + 0xb0 (0x7ff3684d7de0 in /opt/libtorch/lib/libc10.so)
frame #1: c10::detail::torchCheckFail(char const*, char const*, unsigned int, std::__cxx11::basic_string<char, std::char_traits<char>, std::allocator<char> > const&) + 0xfa (0x7ff36846546e in /opt/libtorch/lib/libc10.so)
frame #2: torch::serialize::InputArchive::read(std::__cxx11::basic_string<char, std::char_traits<char>, std::allocator<char> > const&, at::Tensor&, bool) + 0x310 (0x7ff3f6c795f0 in /opt/libtorch/lib/libtorch_cpu.so)
frame #3: <unknown function> + 0x1247fb (0x7ff42c9187fb in ./build/lib/Release/libalphazero.so)
frame #4: alphazero::nn::NeuralNetworkFactory::loadRepVGG(std::__cxx11::basic_string<char, std::char_traits<char>, std::allocator<char> > const&, alphazero::nn::RepVGGConfig const&, bool) + 0x32f (0x7ff42c91e5bf in ./build/lib/Release/libalphazero.so)
frame #5: <unknown function> + 0x35b34 (0x562317a8fb34 in ./build/bin/Release/omoknuni_cli_final)
frame #6: <unknown function> + 0x15fea (0x562317a6ffea in ./build/bin/Release/omoknuni_cli_final)
frame #7: <unknown function> + 0xecdb4 (0x7ff42c652db4 in /lib/x86_64-linux-gnu/libstdc++.so.6)
frame #8: <unknown function> + 0x9caa4 (0x7ff3685e5aa4 in /lib/x86_64-linux-gnu/libc.so.6)
frame #9: <unknown function> + 0x129c3c (0x7ff368672c3c in /lib/x86_64-linux-gnu/libc.so.6)

[2025-05-27 11:55:20.993] [neural_net] [error] [29859] [repvgg_model.cpp:449] Failed to load RepVGG model: No such serialized tensor 'stem_conv.weight'
Exception raised from read at /pytorch/torch/csrc/api/src/serialize/input-archive.cpp:63 (most recent call first):
frame #0: c10::Error::Error(c10::SourceLocation, std::__cxx11::basic_string<char, std::char_traits<char>, std::allocator<char> >) + 0xb0 (0x7ff140878de0 in /opt/libtorch/lib/libc10.so)
frame #1: c10::detail::torchCheckFail(char const*, char const*, unsigned int, std::__cxx11::basic_string<char, std::char_traits<char>, std::allocator<char> > const&) + 0xfa (0x7ff14080646e in /opt/libtorch/lib/libc10.so)
frame #2: torch::serialize::InputArchive::read(std::__cxx11::basic_string<char, std::char_traits<char>, std::allocator<char> > const&, at::Tensor&, bool) + 0x310 (0x7ff1cf01a5f0 in /opt/libtorch/lib/libtorch_cpu.so)
frame #3: <unknown function> + 0x1247fb (0x7ff204cb97fb in ./build/lib/Release/libalphazero.so)
frame #4: alphazero::nn::NeuralNetworkFactory::loadRepVGG(std::__cxx11::basic_string<char, std::char_traits<char>, std::allocator<char> > const&, alphazero::nn::RepVGGConfig const&, bool) + 0x32f (0x7ff204cbf5bf in ./build/lib/Release/libalphazero.so)
frame #5: <unknown function> + 0x35b34 (0x55c783ed5b34 in ./build/bin/Release/omoknuni_cli_final)
frame #6: <unknown function> + 0x15fea (0x55c783eb5fea in ./build/bin/Release/omoknuni_cli_final)
frame #7: <unknown function> + 0xecdb4 (0x7ff2049f3db4 in /lib/x86_64-linux-gnu/libstdc++.so.6)
frame #8: <unknown function> + 0x9caa4 (0x7ff140986aa4 in /lib/x86_64-linux-gnu/libc.so.6)
frame #9: <unknown function> + 0x129c3c (0x7ff140a13c3c in /lib/x86_64-linux-gnu/libc.so.6)

[2025-05-27 11:55:21.478] [neural_net] [error] [29860] [repvgg_model.cpp:449] Failed to load RepVGG model: No such serialized tensor 'stem_conv.weight'
Exception raised from read at /pytorch/torch/csrc/api/src/serialize/input-archive.cpp:63 (most recent call first):
frame #0: c10::Error::Error(c10::SourceLocation, std::__cxx11::basic_string<char, std::char_traits<char>, std::allocator<char> >) + 0xb0 (0x7ff140878de0 in /opt/libtorch/lib/libc10.so)
frame #1: c10::detail::torchCheckFail(char const*, char const*, unsigned int, std::__cxx11::basic_string<char, std::char_traits<char>, std::allocator<char> > const&) + 0xfa (0x7ff14080646e in /opt/libtorch/lib/libc10.so)
frame #2: torch::serialize::InputArchive::read(std::__cxx11::basic_string<char, std::char_traits<char>, std::allocator<char> > const&, at::Tensor&, bool) + 0x310 (0x7ff1cf01a5f0 in /opt/libtorch/lib/libtorch_cpu.so)
frame #3: <unknown function> + 0x1247fb (0x7ff204cb97fb in ./build/lib/Release/libalphazero.so)
frame #4: alphazero::nn::NeuralNetworkFactory::loadRepVGG(std::__cxx11::basic_string<char, std::char_traits<char>, std::allocator<char> > const&, alphazero::nn::RepVGGConfig const&, bool) + 0x32f (0x7ff204cbf5bf in ./build/lib/Release/libalphazero.so)
frame #5: <unknown function> + 0x35b34 (0x55c783ed5b34 in ./build/bin/Release/omoknuni_cli_final)
frame #6: <unknown function> + 0x15fea (0x55c783eb5fea in ./build/bin/Release/omoknuni_cli_final)
frame #7: <unknown function> + 0xecdb4 (0x7ff2049f3db4 in /lib/x86_64-linux-gnu/libstdc++.so.6)
frame #8: <unknown function> + 0x9caa4 (0x7ff140986aa4 in /lib/x86_64-linux-gnu/libc.so.6)
frame #9: <unknown function> + 0x129c3c (0x7ff140a13c3c in /lib/x86_64-linux-gnu/libc.so.6)

[2025-05-27 11:55:21.972] [neural_net] [error] [29861] [repvgg_model.cpp:449] Failed to load RepVGG model: No such serialized tensor 'stem_conv.weight'
Exception raised from read at /pytorch/torch/csrc/api/src/serialize/input-archive.cpp:63 (most recent call first):
frame #0: c10::Error::Error(c10::SourceLocation, std::__cxx11::basic_string<char, std::char_traits<char>, std::allocator<char> >) + 0xb0 (0x7ff140878de0 in /opt/libtorch/lib/libc10.so)
frame #1: c10::detail::torchCheckFail(char const*, char const*, unsigned int, std::__cxx11::basic_string<char, std::char_traits<char>, std::allocator<char> > const&) + 0xfa (0x7ff14080646e in /opt/libtorch/lib/libc10.so)
frame #2: torch::serialize::InputArchive::read(std::__cxx11::basic_string<char, std::char_traits<char>, std::allocator<char> > const&, at::Tensor&, bool) + 0x310 (0x7ff1cf01a5f0 in /opt/libtorch/lib/libtorch_cpu.so)
frame #3: <unknown function> + 0x1247fb (0x7ff204cb97fb in ./build/lib/Release/libalphazero.so)
frame #4: alphazero::nn::NeuralNetworkFactory::loadRepVGG(std::__cxx11::basic_string<char, std::char_traits<char>, std::allocator<char> > const&, alphazero::nn::RepVGGConfig const&, bool) + 0x32f (0x7ff204cbf5bf in ./build/lib/Release/libalphazero.so)
frame #5: <unknown function> + 0x35b34 (0x55c783ed5b34 in ./build/bin/Release/omoknuni_cli_final)
frame #6: <unknown function> + 0x15fea (0x55c783eb5fea in ./build/bin/Release/omoknuni_cli_final)
frame #7: <unknown function> + 0xecdb4 (0x7ff2049f3db4 in /lib/x86_64-linux-gnu/libstdc++.so.6)
frame #8: <unknown function> + 0x9caa4 (0x7ff140986aa4 in /lib/x86_64-linux-gnu/libc.so.6)
frame #9: <unknown function> + 0x129c3c (0x7ff140a13c3c in /lib/x86_64-linux-gnu/libc.so.6)

[2025-05-27 11:55:22.496] [neural_net] [error] [29862] [repvgg_model.cpp:449] Failed to load RepVGG model: No such serialized tensor 'stem_conv.weight'
Exception raised from read at /pytorch/torch/csrc/api/src/serialize/input-archive.cpp:63 (most recent call first):
frame #0: c10::Error::Error(c10::SourceLocation, std::__cxx11::basic_string<char, std::char_traits<char>, std::allocator<char> >) + 0xb0 (0x7ff140878de0 in /opt/libtorch/lib/libc10.so)
frame #1: c10::detail::torchCheckFail(char const*, char const*, unsigned int, std::__cxx11::basic_string<char, std::char_traits<char>, std::allocator<char> > const&) + 0xfa (0x7ff14080646e in /opt/libtorch/lib/libc10.so)
frame #2: torch::serialize::InputArchive::read(std::__cxx11::basic_string<char, std::char_traits<char>, std::allocator<char> > const&, at::Tensor&, bool) + 0x310 (0x7ff1cf01a5f0 in /opt/libtorch/lib/libtorch_cpu.so)
frame #3: <unknown function> + 0x1247fb (0x7ff204cb97fb in ./build/lib/Release/libalphazero.so)
frame #4: alphazero::nn::NeuralNetworkFactory::loadRepVGG(std::__cxx11::basic_string<char, std::char_traits<char>, std::allocator<char> > const&, alphazero::nn::RepVGGConfig const&, bool) + 0x32f (0x7ff204cbf5bf in ./build/lib/Release/libalphazero.so)
frame #5: <unknown function> + 0x35b34 (0x55c783ed5b34 in ./build/bin/Release/omoknuni_cli_final)
frame #6: <unknown function> + 0x15fea (0x55c783eb5fea in ./build/bin/Release/omoknuni_cli_final)
frame #7: <unknown function> + 0xecdb4 (0x7ff2049f3db4 in /lib/x86_64-linux-gnu/libstdc++.so.6)
frame #8: <unknown function> + 0x9caa4 (0x7ff140986aa4 in /lib/x86_64-linux-gnu/libc.so.6)
frame #9: <unknown function> + 0x129c3c (0x7ff140a13c3c in /lib/x86_64-linux-gnu/libc.so.6)

[2025-05-27 11:55:23.012] [neural_net] [error] [29863] [repvgg_model.cpp:449] Failed to load RepVGG model: No such serialized tensor 'stem_conv.weight'
Exception raised from read at /pytorch/torch/csrc/api/src/serialize/input-archive.cpp:63 (most recent call first):
frame #0: c10::Error::Error(c10::SourceLocation, std::__cxx11::basic_string<char, std::char_traits<char>, std::allocator<char> >) + 0xb0 (0x7ff140878de0 in /opt/libtorch/lib/libc10.so)
frame #1: c10::detail::torchCheckFail(char const*, char const*, unsigned int, std::__cxx11::basic_string<char, std::char_traits<char>, std::allocator<char> > const&) + 0xfa (0x7ff14080646e in /opt/libtorch/lib/libc10.so)
frame #2: torch::serialize::InputArchive::read(std::__cxx11::basic_string<char, std::char_traits<char>, std::allocator<char> > const&, at::Tensor&, bool) + 0x310 (0x7ff1cf01a5f0 in /opt/libtorch/lib/libtorch_cpu.so)
frame #3: <unknown function> + 0x1247fb (0x7ff204cb97fb in ./build/lib/Release/libalphazero.so)
frame #4: alphazero::nn::NeuralNetworkFactory::loadRepVGG(std::__cxx11::basic_string<char, std::char_traits<char>, std::allocator<char> > const&, alphazero::nn::RepVGGConfig const&, bool) + 0x32f (0x7ff204cbf5bf in ./build/lib/Release/libalphazero.so)
frame #5: <unknown function> + 0x35b34 (0x55c783ed5b34 in ./build/bin/Release/omoknuni_cli_final)
frame #6: <unknown function> + 0x15fea (0x55c783eb5fea in ./build/bin/Release/omoknuni_cli_final)
frame #7: <unknown function> + 0xecdb4 (0x7ff2049f3db4 in /lib/x86_64-linux-gnu/libstdc++.so.6)
frame #8: <unknown function> + 0x9caa4 (0x7ff140986aa4 in /lib/x86_64-linux-gnu/libc.so.6)
frame #9: <unknown function> + 0x129c3c (0x7ff140a13c3c in /lib/x86_64-linux-gnu/libc.so.6)

[2025-05-27 11:55:23.653] [neural_net] [error] [29864] [repvgg_model.cpp:449] Failed to load RepVGG model: No such serialized tensor 'stem_conv.weight'
Exception raised from read at /pytorch/torch/csrc/api/src/serialize/input-archive.cpp:63 (most recent call first):
frame #0: c10::Error::Error(c10::SourceLocation, std::__cxx11::basic_string<char, std::char_traits<char>, std::allocator<char> >) + 0xb0 (0x7ff140878de0 in /opt/libtorch/lib/libc10.so)
frame #1: c10::detail::torchCheckFail(char const*, char const*, unsigned int, std::__cxx11::basic_string<char, std::char_traits<char>, std::allocator<char> > const&) + 0xfa (0x7ff14080646e in /opt/libtorch/lib/libc10.so)
frame #2: torch::serialize::InputArchive::read(std::__cxx11::basic_string<char, std::char_traits<char>, std::allocator<char> > const&, at::Tensor&, bool) + 0x310 (0x7ff1cf01a5f0 in /opt/libtorch/lib/libtorch_cpu.so)
frame #3: <unknown function> + 0x1247fb (0x7ff204cb97fb in ./build/lib/Release/libalphazero.so)
frame #4: alphazero::nn::NeuralNetworkFactory::loadRepVGG(std::__cxx11::basic_string<char, std::char_traits<char>, std::allocator<char> > const&, alphazero::nn::RepVGGConfig const&, bool) + 0x32f (0x7ff204cbf5bf in ./build/lib/Release/libalphazero.so)
frame #5: <unknown function> + 0x35b34 (0x55c783ed5b34 in ./build/bin/Release/omoknuni_cli_final)
frame #6: <unknown function> + 0x15fea (0x55c783eb5fea in ./build/bin/Release/omoknuni_cli_final)
frame #7: <unknown function> + 0xecdb4 (0x7ff2049f3db4 in /lib/x86_64-linux-gnu/libstdc++.so.6)
frame #8: <unknown function> + 0x9caa4 (0x7ff140986aa4 in /lib/x86_64-linux-gnu/libc.so.6)
frame #9: <unknown function> + 0x129c3c (0x7ff140a13c3c in /lib/x86_64-linux-gnu/libc.so.6)

[2025-05-27 11:55:24.153] [neural_net] [error] [29865] [repvgg_model.cpp:449] Failed to load RepVGG model: No such serialized tensor 'stem_conv.weight'
Exception raised from read at /pytorch/torch/csrc/api/src/serialize/input-archive.cpp:63 (most recent call first):
frame #0: c10::Error::Error(c10::SourceLocation, std::__cxx11::basic_string<char, std::char_traits<char>, std::allocator<char> >) + 0xb0 (0x7ff140878de0 in /opt/libtorch/lib/libc10.so)
frame #1: c10::detail::torchCheckFail(char const*, char const*, unsigned int, std::__cxx11::basic_string<char, std::char_traits<char>, std::allocator<char> > const&) + 0xfa (0x7ff14080646e in /opt/libtorch/lib/libc10.so)
frame #2: torch::serialize::InputArchive::read(std::__cxx11::basic_string<char, std::char_traits<char>, std::allocator<char> > const&, at::Tensor&, bool) + 0x310 (0x7ff1cf01a5f0 in /opt/libtorch/lib/libtorch_cpu.so)
frame #3: <unknown function> + 0x1247fb (0x7ff204cb97fb in ./build/lib/Release/libalphazero.so)
frame #4: alphazero::nn::NeuralNetworkFactory::loadRepVGG(std::__cxx11::basic_string<char, std::char_traits<char>, std::allocator<char> > const&, alphazero::nn::RepVGGConfig const&, bool) + 0x32f (0x7ff204cbf5bf in ./build/lib/Release/libalphazero.so)
frame #5: <unknown function> + 0x35b34 (0x55c783ed5b34 in ./build/bin/Release/omoknuni_cli_final)
frame #6: <unknown function> + 0x15fea (0x55c783eb5fea in ./build/bin/Release/omoknuni_cli_final)
frame #7: <unknown function> + 0xecdb4 (0x7ff2049f3db4 in /lib/x86_64-linux-gnu/libstdc++.so.6)
frame #8: <unknown function> + 0x9caa4 (0x7ff140986aa4 in /lib/x86_64-linux-gnu/libc.so.6)
frame #9: <unknown function> + 0x129c3c (0x7ff140a13c3c in /lib/x86_64-linux-gnu/libc.so.6)

[2025-05-27 11:55:24.911] [neural_net] [error] [29866] [repvgg_model.cpp:449] Failed to load RepVGG model: No such serialized tensor 'stem_conv.weight'
Exception raised from read at /pytorch/torch/csrc/api/src/serialize/input-archive.cpp:63 (most recent call first):
frame #0: c10::Error::Error(c10::SourceLocation, std::__cxx11::basic_string<char, std::char_traits<char>, std::allocator<char> >) + 0xb0 (0x7ff140878de0 in /opt/libtorch/lib/libc10.so)
frame #1: c10::detail::torchCheckFail(char const*, char const*, unsigned int, std::__cxx11::basic_string<char, std::char_traits<char>, std::allocator<char> > const&) + 0xfa (0x7ff14080646e in /opt/libtorch/lib/libc10.so)
frame #2: torch::serialize::InputArchive::read(std::__cxx11::basic_string<char, std::char_traits<char>, std::allocator<char> > const&, at::Tensor&, bool) + 0x310 (0x7ff1cf01a5f0 in /opt/libtorch/lib/libtorch_cpu.so)
frame #3: <unknown function> + 0x1247fb (0x7ff204cb97fb in ./build/lib/Release/libalphazero.so)
frame #4: alphazero::nn::NeuralNetworkFactory::loadRepVGG(std::__cxx11::basic_string<char, std::char_traits<char>, std::allocator<char> > const&, alphazero::nn::RepVGGConfig const&, bool) + 0x32f (0x7ff204cbf5bf in ./build/lib/Release/libalphazero.so)
frame #5: <unknown function> + 0x35b34 (0x55c783ed5b34 in ./build/bin/Release/omoknuni_cli_final)
frame #6: <unknown function> + 0x15fea (0x55c783eb5fea in ./build/bin/Release/omoknuni_cli_final)
frame #7: <unknown function> + 0xecdb4 (0x7ff2049f3db4 in /lib/x86_64-linux-gnu/libstdc++.so.6)
frame #8: <unknown function> + 0x9caa4 (0x7ff140986aa4 in /lib/x86_64-linux-gnu/libc.so.6)
frame #9: <unknown function> + 0x129c3c (0x7ff140a13c3c in /lib/x86_64-linux-gnu/libc.so.6)

[2025-05-27 11:56:53.400] [neural_net] [error] [21438] [repvgg_model.cpp:449] Failed to load RepVGG model: No such serialized tensor 'stem_conv.weight'
Exception raised from read at /pytorch/torch/csrc/api/src/serialize/input-archive.cpp:63 (most recent call first):
frame #0: c10::Error::Error(c10::SourceLocation, std::__cxx11::basic_string<char, std::char_traits<char>, std::allocator<char> >) + 0xb0 (0x7f1c7e3abde0 in /opt/libtorch/lib/libc10.so)
frame #1: c10::detail::torchCheckFail(char const*, char const*, unsigned int, std::__cxx11::basic_string<char, std::char_traits<char>, std::allocator<char> > const&) + 0xfa (0x7f1c7e33946e in /opt/libtorch/lib/libc10.so)
frame #2: torch::serialize::InputArchive::read(std::__cxx11::basic_string<char, std::char_traits<char>, std::allocator<char> > const&, at::Tensor&, bool) + 0x310 (0x7f1d0cb4d5f0 in /opt/libtorch/lib/libtorch_cpu.so)
frame #3: <unknown function> + 0x1247fb (0x7f1d427ec7fb in ./build/lib/Release/libalphazero.so)
frame #4: alphazero::nn::NeuralNetworkFactory::loadRepVGG(std::__cxx11::basic_string<char, std::char_traits<char>, std::allocator<char> > const&, alphazero::nn::RepVGGConfig const&, bool) + 0x32f (0x7f1d427f25bf in ./build/lib/Release/libalphazero.so)
frame #5: <unknown function> + 0x35b34 (0x5611d1117b34 in ./build/bin/Release/omoknuni_cli_final)
frame #6: <unknown function> + 0x15fea (0x5611d10f7fea in ./build/bin/Release/omoknuni_cli_final)
frame #7: <unknown function> + 0xecdb4 (0x7f1d42526db4 in /lib/x86_64-linux-gnu/libstdc++.so.6)
frame #8: <unknown function> + 0x9caa4 (0x7f1c7e4b9aa4 in /lib/x86_64-linux-gnu/libc.so.6)
frame #9: <unknown function> + 0x129c3c (0x7f1c7e546c3c in /lib/x86_64-linux-gnu/libc.so.6)

[2025-05-27 11:57:40.553] [neural_net] [error] [23143] [repvgg_model.cpp:449] Failed to load RepVGG model: No such serialized tensor 'stem_conv.weight'
Exception raised from read at /pytorch/torch/csrc/api/src/serialize/input-archive.cpp:63 (most recent call first):
frame #0: c10::Error::Error(c10::SourceLocation, std::__cxx11::basic_string<char, std::char_traits<char>, std::allocator<char> >) + 0xb0 (0x7fdcf3e4dde0 in /opt/libtorch/lib/libc10.so)
frame #1: c10::detail::torchCheckFail(char const*, char const*, unsigned int, std::__cxx11::basic_string<char, std::char_traits<char>, std::allocator<char> > const&) + 0xfa (0x7fdcf3ddb46e in /opt/libtorch/lib/libc10.so)
frame #2: torch::serialize::InputArchive::read(std::__cxx11::basic_string<char, std::char_traits<char>, std::allocator<char> > const&, at::Tensor&, bool) + 0x310 (0x7fdd825ef5f0 in /opt/libtorch/lib/libtorch_cpu.so)
frame #3: <unknown function> + 0x1247fb (0x7fddb828e7fb in ./build/lib/Release/libalphazero.so)
frame #4: alphazero::nn::NeuralNetworkFactory::loadRepVGG(std::__cxx11::basic_string<char, std::char_traits<char>, std::allocator<char> > const&, alphazero::nn::RepVGGConfig const&, bool) + 0x32f (0x7fddb82945bf in ./build/lib/Release/libalphazero.so)
frame #5: <unknown function> + 0x35b34 (0x564736c64b34 in ./build/bin/Release/omoknuni_cli_final)
frame #6: <unknown function> + 0x15fea (0x564736c44fea in ./build/bin/Release/omoknuni_cli_final)
frame #7: <unknown function> + 0xecdb4 (0x7fddb7fc8db4 in /lib/x86_64-linux-gnu/libstdc++.so.6)
frame #8: <unknown function> + 0x9caa4 (0x7fdcf3f5baa4 in /lib/x86_64-linux-gnu/libc.so.6)
frame #9: <unknown function> + 0x129c3c (0x7fdcf3fe8c3c in /lib/x86_64-linux-gnu/libc.so.6)

