Performing C++ SOURCE FILE Test CMAKE_HAVE_LIBC_PTHREAD failed with the following output:
Change Dir: /home/cosmos/omoknuni_small/build/CMakeFiles/CMakeTmp

Run Build Command(s):/usr/bin/gmake -f Makefile cmTC_c00e6/fast && /usr/bin/gmake  -f CMakeFiles/cmTC_c00e6.dir/build.make CMakeFiles/cmTC_c00e6.dir/build
gmake[1]: Entering directory '/home/cosmos/omoknuni_small/build/CMakeFiles/CMakeTmp'
Building CXX object CMakeFiles/cmTC_c00e6.dir/src.cxx.o
/home/cosmos/anaconda3/bin/x86_64-conda-linux-gnu-c++ -DCMAKE_HAVE_LIBC_PTHREAD  -fvisibility-inlines-hidden -fmessage-length=0 -march=nocona -mtune=haswell -ftree-vectorize -fPIC -fstack-protector-strong -fno-plt -O2 -ffunction-sections -pipe -isystem /home/cosmos/anaconda3/include  -o CMakeFiles/cmTC_c00e6.dir/src.cxx.o -c /home/cosmos/omoknuni_small/build/CMakeFiles/CMakeTmp/src.cxx
Linking CXX executable cmTC_c00e6
/usr/bin/cmake -E cmake_link_script CMakeFiles/cmTC_c00e6.dir/link.txt --verbose=1
/home/cosmos/anaconda3/bin/x86_64-conda-linux-gnu-c++ -fvisibility-inlines-hidden -fmessage-length=0 -march=nocona -mtune=haswell -ftree-vectorize -fPIC -fstack-protector-strong -fno-plt -O2 -ffunction-sections -pipe -isystem /home/cosmos/anaconda3/include  -Wl,-O2 -Wl,--sort-common -Wl,--as-needed -Wl,-z,relro -Wl,-z,now -Wl,--disable-new-dtags -Wl,--gc-sections -Wl,--allow-shlib-undefined -Wl,-rpath,/home/cosmos/anaconda3/lib -Wl,-rpath-link,/home/cosmos/anaconda3/lib -L/home/cosmos/anaconda3/lib  CMakeFiles/cmTC_c00e6.dir/src.cxx.o -o cmTC_c00e6 
/home/cosmos/anaconda3/bin/../lib/gcc/x86_64-conda-linux-gnu/14.2.0/../../../../x86_64-conda-linux-gnu/bin/ld: CMakeFiles/cmTC_c00e6.dir/src.cxx.o: in function `main':
src.cxx:(.text.startup.main+0x22): undefined reference to `pthread_create'
/home/cosmos/anaconda3/bin/../lib/gcc/x86_64-conda-linux-gnu/14.2.0/../../../../x86_64-conda-linux-gnu/bin/ld: src.cxx:(.text.startup.main+0x2c): undefined reference to `pthread_detach'
/home/cosmos/anaconda3/bin/../lib/gcc/x86_64-conda-linux-gnu/14.2.0/../../../../x86_64-conda-linux-gnu/bin/ld: src.cxx:(.text.startup.main+0x36): undefined reference to `pthread_cancel'
/home/cosmos/anaconda3/bin/../lib/gcc/x86_64-conda-linux-gnu/14.2.0/../../../../x86_64-conda-linux-gnu/bin/ld: src.cxx:(.text.startup.main+0x42): undefined reference to `pthread_join'
/home/cosmos/anaconda3/bin/../lib/gcc/x86_64-conda-linux-gnu/14.2.0/../../../../x86_64-conda-linux-gnu/bin/ld: src.cxx:(.text.startup.main+0x4e): undefined reference to `pthread_atfork'
collect2: error: ld returned 1 exit status
gmake[1]: *** [CMakeFiles/cmTC_c00e6.dir/build.make:99: cmTC_c00e6] Error 1
gmake[1]: Leaving directory '/home/cosmos/omoknuni_small/build/CMakeFiles/CMakeTmp'
gmake: *** [Makefile:127: cmTC_c00e6/fast] Error 2


Source file was:
#include <pthread.h>

static void* test_func(void* data)
{
  return data;
}

int main(void)
{
  pthread_t thread;
  pthread_create(&thread, NULL, test_func, NULL);
  pthread_detach(thread);
  pthread_cancel(thread);
  pthread_join(thread, NULL);
  pthread_atfork(NULL, NULL, NULL);
  pthread_exit(NULL);

  return 0;
}

Determining if the function pthread_create exists in the pthreads failed with the following output:
Change Dir: /home/cosmos/omoknuni_small/build/CMakeFiles/CMakeTmp

Run Build Command(s):/usr/bin/gmake -f Makefile cmTC_82828/fast && /usr/bin/gmake  -f CMakeFiles/cmTC_82828.dir/build.make CMakeFiles/cmTC_82828.dir/build
gmake[1]: Entering directory '/home/cosmos/omoknuni_small/build/CMakeFiles/CMakeTmp'
Building CXX object CMakeFiles/cmTC_82828.dir/CheckFunctionExists.cxx.o
/home/cosmos/anaconda3/bin/x86_64-conda-linux-gnu-c++   -fvisibility-inlines-hidden -fmessage-length=0 -march=nocona -mtune=haswell -ftree-vectorize -fPIC -fstack-protector-strong -fno-plt -O2 -ffunction-sections -pipe -isystem /home/cosmos/anaconda3/include -DCHECK_FUNCTION_EXISTS=pthread_create -o CMakeFiles/cmTC_82828.dir/CheckFunctionExists.cxx.o -c /home/cosmos/omoknuni_small/build/CMakeFiles/CheckLibraryExists/CheckFunctionExists.cxx
Linking CXX executable cmTC_82828
/usr/bin/cmake -E cmake_link_script CMakeFiles/cmTC_82828.dir/link.txt --verbose=1
/home/cosmos/anaconda3/bin/x86_64-conda-linux-gnu-c++ -fvisibility-inlines-hidden -fmessage-length=0 -march=nocona -mtune=haswell -ftree-vectorize -fPIC -fstack-protector-strong -fno-plt -O2 -ffunction-sections -pipe -isystem /home/cosmos/anaconda3/include -DCHECK_FUNCTION_EXISTS=pthread_create -Wl,-O2 -Wl,--sort-common -Wl,--as-needed -Wl,-z,relro -Wl,-z,now -Wl,--disable-new-dtags -Wl,--gc-sections -Wl,--allow-shlib-undefined -Wl,-rpath,/home/cosmos/anaconda3/lib -Wl,-rpath-link,/home/cosmos/anaconda3/lib -L/home/cosmos/anaconda3/lib  CMakeFiles/cmTC_82828.dir/CheckFunctionExists.cxx.o -o cmTC_82828  -lpthreads 
/home/cosmos/anaconda3/bin/../lib/gcc/x86_64-conda-linux-gnu/14.2.0/../../../../x86_64-conda-linux-gnu/bin/ld: cannot find -lpthreads: No such file or directory
collect2: error: ld returned 1 exit status
gmake[1]: *** [CMakeFiles/cmTC_82828.dir/build.make:99: cmTC_82828] Error 1
gmake[1]: Leaving directory '/home/cosmos/omoknuni_small/build/CMakeFiles/CMakeTmp'
gmake: *** [Makefile:127: cmTC_82828/fast] Error 2



